<?xml version="1.0" encoding="UTF-8"?>
<!-- Generated by org.testng.reporters.JUnitXMLReporter -->
<testsuite hostname="Lenovo" ignored="0" name="Test3" tests="4" failures="0" timestamp="02 Jun 2022 05:17:04 GMT" time="74.639" errors="0">
  <testcase name="Test" time="10.011" classname="org.test.B"/>
  <testcase name="Test2" time="31.084" classname="org.test.A"/>
  <testcase name="Test1" time="17.354" classname="org.test.A"/>
  <testcase name="Test" time="16.112" classname="org.test.C"/>
</testsuite> <!-- Test3 -->
