<?xml version="1.0" encoding="UTF-8"?>
<testng-results skipped="0" failed="1" ignored="0" total="3" passed="2">
  <reporter-output>
  </reporter-output>
  <suite name="Default suite" duration-ms="48529" started-at="2022-06-02T17:59:41Z" finished-at="2022-06-02T18:00:30Z">
    <groups>
    </groups>
    <test name="Default test" duration-ms="48529" started-at="2022-06-02T17:59:41Z" finished-at="2022-06-02T18:00:30Z">
      <class name="org.test.Excelclass">
        <test-method status="PASS" signature="BeforeClass()[pri:0, instance:org.test.Excelclass@146ba0ac]" name="BeforeClass" is-config="true" duration-ms="31" started-at="2022-06-02T23:29:41Z" finished-at="2022-06-02T23:29:41Z">
          <reporter-output>
          </reporter-output>
        </test-method> <!-- BeforeClass -->
        <test-method status="PASS" signature="BeforeMethod()[pri:0, instance:org.test.Excelclass@146ba0ac]" name="BeforeMethod" is-config="true" duration-ms="8047" started-at="2022-06-02T23:29:42Z" finished-at="2022-06-02T23:29:50Z">
          <reporter-output>
          </reporter-output>
        </test-method> <!-- BeforeMethod -->
        <test-method status="PASS" signature="Test3()[pri:-1, instance:org.test.Excelclass@146ba0ac]" name="Test3" duration-ms="8778" started-at="2022-06-02T23:29:50Z" finished-at="2022-06-02T23:29:58Z">
          <reporter-output>
          </reporter-output>
        </test-method> <!-- Test3 -->
        <test-method status="PASS" signature="AfterMethod()[pri:0, instance:org.test.Excelclass@146ba0ac]" name="AfterMethod" is-config="true" duration-ms="1634" started-at="2022-06-02T23:29:58Z" finished-at="2022-06-02T23:30:00Z">
          <reporter-output>
          </reporter-output>
        </test-method> <!-- AfterMethod -->
        <test-method status="PASS" signature="BeforeMethod()[pri:0, instance:org.test.Excelclass@146ba0ac]" name="BeforeMethod" is-config="true" duration-ms="2879" started-at="2022-06-02T23:30:00Z" finished-at="2022-06-02T23:30:03Z">
          <reporter-output>
          </reporter-output>
        </test-method> <!-- BeforeMethod -->
        <test-method status="FAIL" signature="Test1()[pri:0, instance:org.test.Excelclass@146ba0ac]" name="Test1" duration-ms="8766" started-at="2022-06-02T23:30:03Z" finished-at="2022-06-02T23:30:12Z">
          <exception class="java.lang.NullPointerException">
            <full-stacktrace>
              <![CDATA[java.lang.NullPointerExceptionat org.test.BaseClass.getExcelData(BaseClass.java:186)at org.test.Excelclass.Test1(Excelclass.java:31)at sun.reflect.NativeMethodAccessorImpl.invoke0(Native Method)at sun.reflect.NativeMethodAccessorImpl.invoke(Unknown Source)at sun.reflect.DelegatingMethodAccessorImpl.invoke(Unknown Source)at java.lang.reflect.Method.invoke(Unknown Source)at org.testng.internal.MethodInvocationHelper.invokeMethod(MethodInvocationHelper.java:124)at org.testng.internal.Invoker.invokeMethod(Invoker.java:571)at org.testng.internal.Invoker.invokeTestMethod(Invoker.java:707)at org.testng.internal.Invoker.invokeTestMethods(Invoker.java:979)at org.testng.internal.TestMethodWorker.invokeTestMethods(TestMethodWorker.java:125)at org.testng.internal.TestMethodWorker.run(TestMethodWorker.java:109)at org.testng.TestRunner.privateRun(TestRunner.java:648)at org.testng.TestRunner.run(TestRunner.java:505)at org.testng.SuiteRunner.runTest(SuiteRunner.java:455)at org.testng.SuiteRunner.runSequentially(SuiteRunner.java:450)at org.testng.SuiteRunner.privateRun(SuiteRunner.java:415)at org.testng.SuiteRunner.run(SuiteRunner.java:364)at org.testng.SuiteRunnerWorker.runSuite(SuiteRunnerWorker.java:52)at org.testng.SuiteRunnerWorker.run(SuiteRunnerWorker.java:84)at org.testng.TestNG.runSuitesSequentially(TestNG.java:1187)at org.testng.TestNG.runSuitesLocally(TestNG.java:1116)at org.testng.TestNG.runSuites(TestNG.java:1028)at org.testng.TestNG.run(TestNG.java:996)at org.testng.remote.AbstractRemoteTestNG.run(AbstractRemoteTestNG.java:132)at org.testng.remote.RemoteTestNG.initAndRun(RemoteTestNG.java:236)at org.testng.remote.RemoteTestNG.main(RemoteTestNG.java:81)]]>
            </full-stacktrace>
          </exception> <!-- java.lang.NullPointerException -->
          <reporter-output>
          </reporter-output>
        </test-method> <!-- Test1 -->
        <test-method status="PASS" signature="AfterMethod()[pri:0, instance:org.test.Excelclass@146ba0ac]" name="AfterMethod" is-config="true" duration-ms="1458" started-at="2022-06-02T23:30:12Z" finished-at="2022-06-02T23:30:13Z">
          <reporter-output>
          </reporter-output>
        </test-method> <!-- AfterMethod -->
        <test-method status="PASS" signature="BeforeMethod()[pri:0, instance:org.test.Excelclass@146ba0ac]" name="BeforeMethod" is-config="true" duration-ms="3246" started-at="2022-06-02T23:30:13Z" finished-at="2022-06-02T23:30:16Z">
          <reporter-output>
          </reporter-output>
        </test-method> <!-- BeforeMethod -->
        <test-method status="PASS" signature="Test2()[pri:1, instance:org.test.Excelclass@146ba0ac]" name="Test2" duration-ms="11848" started-at="2022-06-02T23:30:16Z" finished-at="2022-06-02T23:30:28Z">
          <reporter-output>
          </reporter-output>
        </test-method> <!-- Test2 -->
        <test-method status="PASS" signature="AfterMethod()[pri:0, instance:org.test.Excelclass@146ba0ac]" name="AfterMethod" is-config="true" duration-ms="1718" started-at="2022-06-02T23:30:28Z" finished-at="2022-06-02T23:30:30Z">
          <reporter-output>
          </reporter-output>
        </test-method> <!-- AfterMethod -->
        <test-method status="PASS" signature="AfterClass()[pri:0, instance:org.test.Excelclass@146ba0ac]" name="AfterClass" is-config="true" duration-ms="1" started-at="2022-06-02T23:30:30Z" finished-at="2022-06-02T23:30:30Z">
          <reporter-output>
          </reporter-output>
        </test-method> <!-- AfterClass -->
      </class> <!-- org.test.Excelclass -->
    </test> <!-- Default test -->
  </suite> <!-- Default suite -->
</testng-results>
